F:\Test\MyMedia\MyMedia\Debug\cl.command.1.tlog
F:\Test\MyMedia\MyMedia\Debug\CL.read.1.tlog
F:\Test\MyMedia\MyMedia\Debug\CL.write.1.tlog
F:\Test\MyMedia\MyMedia\Debug\custombuild.command.1.tlog
F:\Test\MyMedia\MyMedia\Debug\custombuild.read.1.tlog
F:\Test\MyMedia\MyMedia\Debug\custombuild.write.1.tlog
F:\Test\MyMedia\MyMedia\Debug\link.command.1.tlog
F:\Test\MyMedia\MyMedia\Debug\link.read.1.tlog
F:\Test\MyMedia\MyMedia\Debug\link.write.1.tlog
F:\TEST\MYMEDIA\MYMEDIA\DEBUG\MAIN.OBJ
F:\TEST\MYMEDIA\MYMEDIA\DEBUG\MOC_MYMEDIA.OBJ
F:\TEST\MYMEDIA\MYMEDIA\DEBUG\MOC_MYPLAY.OBJ
F:\TEST\MYMEDIA\MYMEDIA\DEBUG\MOC_MYSLIDER.OBJ
F:\Test\MyMedia\MyMedia\Debug\mt.command.1.tlog
F:\Test\MyMedia\MyMedia\Debug\mt.read.1.tlog
F:\Test\MyMedia\MyMedia\Debug\mt.write.1.tlog
F:\TEST\MYMEDIA\MYMEDIA\DEBUG\MYMEDIA.EXE.INTERMEDIATE.MANIFEST
F:\TEST\MYMEDIA\MYMEDIA\DEBUG\MYMEDIA.OBJ
F:\TEST\MYMEDIA\MYMEDIA\DEBUG\MYPLAY.OBJ
F:\TEST\MYMEDIA\MYMEDIA\DEBUG\MYSLIDER.OBJ
F:\TEST\MYMEDIA\MYMEDIA\DEBUG\QRC_MYMEDIA.OBJ
F:\TEST\MYMEDIA\MYMEDIA\DEBUG\VC100.PDB
F:\TEST\MYMEDIA\MYMEDIA\GENERATEDFILES\DEBUG\MOC_MYMEDIA.CPP
F:\TEST\MYMEDIA\MYMEDIA\GENERATEDFILES\DEBUG\MOC_MYPLAY.CPP
F:\TEST\MYMEDIA\MYMEDIA\GENERATEDFILES\DEBUG\MOC_MYSLIDER.CPP
F:\TEST\MYMEDIA\MYMEDIA\GENERATEDFILES\QRC_MYMEDIA.CPP
F:\TEST\MYMEDIA\MYMEDIA\GENERATEDFILES\UI_MYMEDIA.H
F:\TEST\MYMEDIA\WIN32\DEBUG\MYMEDIA.EXE
F:\TEST\MYMEDIA\WIN32\DEBUG\MYMEDIA.ILK
F:\TEST\MYMEDIA\WIN32\DEBUG\MYMEDIA.PDB
